INFO:  ANSI Code Page: 1252
INFO:  latexindent.exe version 3.24.7, 2025-08-15, a script to indent .tex files
       latexindent.exe lives here: F:/programme/texlive/2025/bin/windows/
       Thu Apr  9 13:47:07 2026
       Filename: f:/Studium/05_2024-Sommersemester/Fachseminar/Fachseminar PO18 Informationen/Computer_Society_LaTeX_template_test/IEEEtran/chapters/__latexindent_temp_theoretical_foundations.tex
INFO:  Processing switches:
       -y|--yaml: YAML settings specified via command line
       -c|--cruft: cruft directory
INFO:  Directory for backup files and log file f:\Studium\05_2024-Sommersemester\Fachseminar\Fachseminar PO18 Informationen\Computer_Society_LaTeX_template_test\IEEEtran\indent.log:
       f:\Studium\05_2024-Sommersemester\Fachseminar\Fachseminar PO18 Informationen\Computer_Society_LaTeX_template_test\IEEEtran\
INFO:  YAML settings read: defaultSettings.yaml
       Reading defaultSettings.yaml from F:/programme/texlive/2025/bin/windows/defaultSettings.yaml
       Reading defaultSettings.yaml (2nd attempt) from F:/programme/texlive/2025/bin/windows/../../texmf-dist/scripts/latexindent/defaultSettings.yaml
       and then, if necessary, F:/programme/texlive/2025/bin/windows/LatexIndent/defaultSettings.yaml
INFO:  YAML reading settings
       Home directory is C:\Users\fabia
       latexindent.pl didn't find indentconfig.yaml or .indentconfig.yaml
       see all possible locations: https://latexindentpl.readthedocs.io/en/latest/sec-appendices.html#indentconfig-options)
INFO:  YAML settings read: -y switch
       YAML setting: defaultIndent:'    '
       single-quoted string found in -y switch: '    ', substitute to     
       Updating mainSettings with defaultIndent:     
INFO:  Phase 1: searching for objects
INFO:  Phase 2: finding surrounding indentation
INFO:  Phase 3: indenting objects
INFO:  Phase 4: final indentation check
INFO:  Output routine:
       Not outputting to file; see -w and -o switches for more options.
       --------------
INFO:  Please direct all communication/issues to:
        https://github.com/cmhughes/latexindent.pl
